<?xml version="1.0" encoding="UTF-8"?>
<testsuite xmlns:xsi="http://www.w3.org/2001/XMLSchema-instance" xsi:noNamespaceSchemaLocation="https://maven.apache.org/surefire/maven-surefire-plugin/xsd/surefire-test-report-3.0.xsd" version="3.0" name="com.matfurgalski.JobScrapper.JobScrapperApplicationTests" time="6.079" tests="1" errors="0" skipped="0" failures="0">
  <properties>
[...]
</properties>
  <testcase name="contextLoads" classname="com.matfurgalski.JobScrapper.JobScrapperApplicationTests" time="0.435">
    <system-out><![CDATA[02:12:00.183 [main] INFO org.springframework.test.context.support.AnnotationConfigContextLoaderUtils -- Could not detect default configuration classes for test class [com.matfurgalski.JobScrapper.JobScrapperApplicationTests]: JobScrapperApplicationTests does not declare any static, non-private, non-final, nested classes annotated with @Configuration.
02:12:00.295 [main] INFO org.springframework.boot.test.context.SpringBootTestContextBootstrapper -- Found @SpringBootConfiguration com.matfurgalski.JobScrapper.JobScrapperApplication for test class com.matfurgalski.JobScrapper.JobScrapperApplicationTests

  .   ____          _            __ _ _
 /\\ / ___'_ __ _ _(_)_ __  __ _ \ \ \ \
( ( )\___ | '_ | '_| | '_ \/ _` | \ \ \ \
 \\/  ___)| |_)| | | | | || (_| |  ) ) ) )
  '  |____| .__|_| |_|_| |_\__, | / / / /
 =========|_|==============|___/=/_/_/_/

 :: Spring Boot ::                (v3.3.2)

2024-08-16T02:12:00.703+02:00  WARN 38616 --- [job-scrapper] [           main] ory$DuplicateJsonObjectContextCustomizer : 

Found multiple occurrences of org.json.JSONObject on the class path:

	jar:file:/C:/Users/ja/.m2/repository/org/json/json/20240303/json-20240303.jar!/org/json/JSONObject.class
	jar:file:/C:/Users/ja/.m2/repository/com/vaadin/external/google/android-json/0.0.20131108.vaadin1/android-json-0.0.20131108.vaadin1.jar!/org/json/JSONObject.class

You may wish to exclude one of them to ensure predictable runtime behavior

2024-08-16T02:12:00.721+02:00  INFO 38616 --- [job-scrapper] [           main] c.m.J.JobScrapperApplicationTests        : Starting JobScrapperApplicationTests using Java 18.0.1.1 with PID 38616 (started by ja in E:\Projekty\job-scrapper\job-scrapper)
2024-08-16T02:12:00.723+02:00  INFO 38616 --- [job-scrapper] [           main] c.m.J.JobScrapperApplicationTests        : No active profile set, falling back to 1 default profile: "default"
2024-08-16T02:12:01.334+02:00  INFO 38616 --- [job-scrapper] [           main] .s.d.r.c.RepositoryConfigurationDelegate : Bootstrapping Spring Data JPA repositories in DEFAULT mode.
2024-08-16T02:12:01.421+02:00  INFO 38616 --- [job-scrapper] [           main] .s.d.r.c.RepositoryConfigurationDelegate : Finished Spring Data repository scanning in 78 ms. Found 5 JPA repository interfaces.
2024-08-16T02:12:02.097+02:00  INFO 38616 --- [job-scrapper] [           main] o.s.b.w.embedded.tomcat.TomcatWebServer  : Tomcat initialized with port 0 (http)
2024-08-16T02:12:02.112+02:00  INFO 38616 --- [job-scrapper] [           main] o.apache.catalina.core.StandardService   : Starting service [Tomcat]
2024-08-16T02:12:02.114+02:00  INFO 38616 --- [job-scrapper] [           main] o.apache.catalina.core.StandardEngine    : Starting Servlet engine: [Apache Tomcat/10.1.26]
2024-08-16T02:12:02.181+02:00  INFO 38616 --- [job-scrapper] [           main] o.a.c.c.C.[Tomcat].[localhost].[/]       : Initializing Spring embedded WebApplicationContext
2024-08-16T02:12:02.182+02:00  INFO 38616 --- [job-scrapper] [           main] w.s.c.ServletWebServerApplicationContext : Root WebApplicationContext: initialization completed in 1435 ms
2024-08-16T02:12:02.368+02:00  INFO 38616 --- [job-scrapper] [           main] o.hibernate.jpa.internal.util.LogHelper  : HHH000204: Processing PersistenceUnitInfo [name: default]
2024-08-16T02:12:02.453+02:00  INFO 38616 --- [job-scrapper] [           main] org.hibernate.Version                    : HHH000412: Hibernate ORM core version 6.5.2.Final
2024-08-16T02:12:02.499+02:00  INFO 38616 --- [job-scrapper] [           main] o.h.c.internal.RegionFactoryInitiator    : HHH000026: Second-level cache disabled
2024-08-16T02:12:02.847+02:00  INFO 38616 --- [job-scrapper] [           main] o.s.o.j.p.SpringPersistenceUnitInfo      : No LoadTimeWeaver setup: ignoring JPA class transformer
2024-08-16T02:12:02.884+02:00  INFO 38616 --- [job-scrapper] [           main] com.zaxxer.hikari.HikariDataSource       : HikariPool-1 - Starting...
2024-08-16T02:12:03.363+02:00  INFO 38616 --- [job-scrapper] [           main] com.zaxxer.hikari.pool.HikariPool        : HikariPool-1 - Added connection com.mysql.cj.jdbc.ConnectionImpl@6c1f15df
2024-08-16T02:12:03.365+02:00  INFO 38616 --- [job-scrapper] [           main] com.zaxxer.hikari.HikariDataSource       : HikariPool-1 - Start completed.
2024-08-16T02:12:04.547+02:00  INFO 38616 --- [job-scrapper] [           main] o.h.e.t.j.p.i.JtaPlatformInitiator       : HHH000489: No JTA platform available (set 'hibernate.transaction.jta.platform' to enable JTA platform integration)
2024-08-16T02:12:04.750+02:00  INFO 38616 --- [job-scrapper] [           main] j.LocalContainerEntityManagerFactoryBean : Initialized JPA EntityManagerFactory for persistence unit 'default'
2024-08-16T02:12:05.234+02:00  WARN 38616 --- [job-scrapper] [           main] JpaBaseConfiguration$JpaWebConfiguration : spring.jpa.open-in-view is enabled by default. Therefore, database queries may be performed during view rendering. Explicitly configure spring.jpa.open-in-view to disable this warning
2024-08-16T02:12:05.626+02:00  INFO 38616 --- [job-scrapper] [           main] o.s.b.w.embedded.tomcat.TomcatWebServer  : Tomcat started on port 63144 (http) with context path '/'
2024-08-16T02:12:05.634+02:00  INFO 38616 --- [job-scrapper] [           main] c.m.J.JobScrapperApplicationTests        : Started JobScrapperApplicationTests in 5.174 seconds (process running for 6.112)
data from Pracuj.pl have been correctly downloaded
data from Pracuj.pl have been correctly downloaded
]]></system-out>
  </testcase>
</testsuite>